<?xml version="1.0" encoding="UTF-8"?>
<!-- Generated by org.testng.reporters.JUnitReportReporter -->
<testsuite skipped="0" hostname="LAPTOP-J0MOH79M" name="Tests.CustomShirtConfigurator" tests="5" failures="0" timestamp="2020-10-20T21:40:55 IDT" time="70.027" errors="0">
  <testcase name="tc04_ChooseYourShirtPage" time="16.763" classname="Tests.CustomShirtConfigurator"/>
  <system-out/>
  <testcase name="tc02_StartToProject" time="1.627" classname="Tests.CustomShirtConfigurator"/>
  <system-out/>
  <testcase name="tc05_ShirtDimensionsPage" time="37.092" classname="Tests.CustomShirtConfigurator"/>
  <system-out/>
  <testcase name="tc01_OpenLogin" time="5.942" classname="Tests.CustomShirtConfigurator"/>
  <system-out/>
  <testcase name="tc03_OpeningPaymentFormPage" time="8.603" classname="Tests.CustomShirtConfigurator"/>
  <system-out/>
</testsuite> <!-- Tests.CustomShirtConfigurator -->
