<?xml version="1.0" encoding="UTF-8"?>
<!-- Generated by org.testng.reporters.JUnitReportReporter -->
<testsuite skipped="0" hostname="LAPTOP-J0MOH79M" name="Tests.RunningSoftware" tests="6" failures="0" timestamp="2020-10-21T12:50:26 IDT" time="46.451" errors="0">
  <testcase name="tc03_OpeningQuizPage" time="3.006" classname="Tests.RunningSoftware"/>
  <system-out/>
  <testcase name="tc05_AnsweringTheQuestions" time="25.261" classname="Tests.RunningSoftware"/>
  <system-out/>
  <testcase name="tc01_OpenLogin" time="5.011" classname="Tests.RunningSoftware"/>
  <system-out/>
  <testcase name="tc04_ChooseTemplateOfQuiz" time="12.736" classname="Tests.RunningSoftware"/>
  <system-out/>
  <testcase name="tc06_backToTemplate" time="0.124" classname="Tests.RunningSoftware"/>
  <system-out/>
  <testcase name="tc02_TestingCalculationSoftware" time="0.313" classname="Tests.RunningSoftware"/>
  <system-out/>
</testsuite> <!-- Tests.RunningSoftware -->
