<?xml version="1.0" encoding="UTF-8"?>
<!-- Generated by org.testng.reporters.JUnitReportReporter -->
<testsuite skipped="0" hostname="LAPTOP-J0MOH79M" name="Tests.TestUserAndPassword" tests="5" failures="0" timestamp="2020-10-20T21:40:55 IDT" time="16.081" errors="0">
  <testcase name="tc02_OpenLogin2" time="3.034" classname="Tests.TestUserAndPassword"/>
  <system-out/>
  <testcase name="tc02_OpenLogin2" time="3.150" classname="Tests.TestUserAndPassword"/>
  <system-out/>
  <testcase name="tc02_OpenLogin2" time="3.218" classname="Tests.TestUserAndPassword"/>
  <system-out/>
  <testcase name="tc01_OpenLogin" time="3.512" classname="Tests.TestUserAndPassword"/>
  <system-out/>
  <testcase name="tc02_OpenLogin2" time="3.167" classname="Tests.TestUserAndPassword"/>
  <system-out/>
</testsuite> <!-- Tests.TestUserAndPassword -->
