<?xml version="1.0" encoding="UTF-8"?>
<!-- Generated by org.testng.reporters.JUnitReportReporter -->
<testsuite skipped="0" hostname="LAPTOP-J0MOH79M" name="Tests.ShoppingOrderForm" tests="6" failures="0" timestamp="2020-10-20T21:40:55 IDT" time="66.450" errors="0">
  <testcase name="tc04_chooseTypeProject" time="8.876" classname="Tests.ShoppingOrderForm"/>
  <system-out/>
  <testcase name="tc01_openLogin" time="4.786" classname="Tests.ShoppingOrderForm"/>
  <system-out/>
  <testcase name="tc05_fillOrderFormTest" time="44.086" classname="Tests.ShoppingOrderForm"/>
  <system-out/>
  <testcase name="tc06_backToTemplate" time="0.130" classname="Tests.ShoppingOrderForm"/>
  <system-out/>
  <testcase name="tc03_openingPaymentFormPage" time="8.154" classname="Tests.ShoppingOrderForm"/>
  <system-out/>
  <testcase name="tc02_startToProject" time="0.418" classname="Tests.ShoppingOrderForm"/>
  <system-out/>
</testsuite> <!-- Tests.ShoppingOrderForm -->
