<?xml version="1.0" encoding="UTF-8"?>
<!-- Generated by org.testng.reporters.JUnitReportReporter -->
<testsuite skipped="0" hostname="LAPTOP-J0MOH79M" name="Tests.TestLoginSite" tests="3" failures="0" timestamp="2020-10-20T21:40:55 IDT" time="15.038" errors="0">
  <testcase name="tc01_LoginSite" time="5.343" classname="Tests.TestLoginSite"/>
  <system-out/>
  <testcase name="tc03_ForgetMyPassworf" time="5.098" classname="Tests.TestLoginSite"/>
  <system-out/>
  <testcase name="tc02_SignOut" time="4.597" classname="Tests.TestLoginSite"/>
  <system-out/>
</testsuite> <!-- Tests.TestLoginSite -->
