<?xml version="1.0" encoding="UTF-8"?>
<!-- Generated by org.testng.reporters.JUnitReportReporter -->
<testsuite skipped="0" hostname="LAPTOP-J0MOH79M" name="Tests.AccountUpgrade" tests="4" failures="0" timestamp="2020-10-20T21:40:55 IDT" time="13.799" errors="0">
  <testcase name="tc01_OpenLogin" time="4.841" classname="Tests.AccountUpgrade"/>
  <system-out/>
  <testcase name="tc02_ChooseUpgrate" time="1.205" classname="Tests.AccountUpgrade"/>
  <system-out/>
  <testcase name="tc04_FillInDetails" time="4.451" classname="Tests.AccountUpgrade"/>
  <system-out/>
  <testcase name="tc03_chooseTypeUpgrade" time="3.302" classname="Tests.AccountUpgrade"/>
  <system-out/>
</testsuite> <!-- Tests.AccountUpgrade -->
