<?xml version="1.0" encoding="UTF-8"?>
<!-- Generated by org.testng.reporters.JUnitReportReporter -->
<testsuite skipped="0" hostname="LAPTOP-J0MOH79M" name="Tests.CustomShirtConfigurator" tests="5" failures="0" timestamp="2020-10-21T13:47:22 IDT" time="69.685" errors="0">
  <testcase name="tc04_ChooseYourShirtPage" time="16.233" classname="Tests.CustomShirtConfigurator"/>
  <system-out/>
  <testcase name="tc05_ShirtDimensionsPage" time="37.803" classname="Tests.CustomShirtConfigurator"/>
  <system-out/>
  <testcase name="tc03_OpeningPaymentFormPage" time="8.854" classname="Tests.CustomShirtConfigurator"/>
  <system-out/>
  <testcase name="tc02_StartToProject" time="1.489" classname="Tests.CustomShirtConfigurator"/>
  <system-out/>
  <testcase name="tc01_OpenLogin" time="5.306" classname="Tests.CustomShirtConfigurator"/>
  <system-out/>
</testsuite> <!-- Tests.CustomShirtConfigurator -->
