<?xml version="1.0" encoding="UTF-8"?>
<!-- Generated by org.testng.reporters.JUnitReportReporter -->
<testsuite skipped="0" hostname="LAPTOP-J0MOH79M" name="Tests.TestUserAndPassword" tests="5" failures="0" timestamp="2020-10-21T13:47:22 IDT" time="17.956" errors="0">
  <testcase name="tc02_OpenLogin2" time="3.264" classname="Tests.TestUserAndPassword"/>
  <system-out/>
  <testcase name="tc02_OpenLogin2" time="3.481" classname="Tests.TestUserAndPassword"/>
  <system-out/>
  <testcase name="tc01_OpenLogin" time="4.408" classname="Tests.TestUserAndPassword"/>
  <system-out/>
  <testcase name="tc02_OpenLogin2" time="3.460" classname="Tests.TestUserAndPassword"/>
  <system-out/>
  <testcase name="tc02_OpenLogin2" time="3.343" classname="Tests.TestUserAndPassword"/>
  <system-out/>
</testsuite> <!-- Tests.TestUserAndPassword -->
