<?xml version="1.0" encoding="UTF-8"?>
<!-- Generated by org.testng.reporters.JUnitReportReporter -->
<testsuite skipped="0" hostname="LAPTOP-J0MOH79M" name="Tests.TestLoginSite" tests="3" failures="0" timestamp="2020-10-21T13:47:22 IDT" time="15.413" errors="0">
  <testcase name="tc01_LoginSite" time="5.190" classname="Tests.TestLoginSite"/>
  <system-out/>
  <testcase name="tc02_SignOut" time="4.824" classname="Tests.TestLoginSite"/>
  <system-out/>
  <testcase name="tc03_ForgetMyPassworf" time="5.399" classname="Tests.TestLoginSite"/>
  <system-out/>
</testsuite> <!-- Tests.TestLoginSite -->
