<?xml version="1.0" encoding="UTF-8"?>
<!-- Generated by org.testng.reporters.JUnitReportReporter -->
<testsuite skipped="0" hostname="LAPTOP-J0MOH79M" name="Tests.AccountUpgrade" tests="4" failures="0" timestamp="2020-10-21T13:47:22 IDT" time="24.960" errors="0">
  <testcase name="tc04_FillInDetails" time="5.499" classname="Tests.AccountUpgrade"/>
  <system-out/>
  <testcase name="tc03_chooseTypeUpgrade" time="5.044" classname="Tests.AccountUpgrade"/>
  <system-out/>
  <testcase name="tc01_OpenLogin" time="13.671" classname="Tests.AccountUpgrade"/>
  <system-out/>
  <testcase name="tc02_ChooseUpgrate" time="0.746" classname="Tests.AccountUpgrade"/>
  <system-out/>
</testsuite> <!-- Tests.AccountUpgrade -->
