<?xml version="1.0" encoding="UTF-8"?>
<!-- Generated by org.testng.reporters.JUnitReportReporter -->
<testsuite skipped="0" hostname="LAPTOP-J0MOH79M" name="Tests.RunningSoftware" tests="6" failures="0" timestamp="2020-10-21T13:47:22 IDT" time="52.349" errors="0">
  <testcase name="tc02_TestingCalculationSoftware" time="0.668" classname="Tests.RunningSoftware"/>
  <system-out/>
  <testcase name="tc05_AnsweringTheQuestions" time="25.980" classname="Tests.RunningSoftware"/>
  <system-out/>
  <testcase name="tc03_OpeningQuizPage" time="3.275" classname="Tests.RunningSoftware"/>
  <system-out/>
  <testcase name="tc04_ChooseTemplateOfQuiz" time="16.255" classname="Tests.RunningSoftware"/>
  <system-out/>
  <testcase name="tc06_backToTemplate" time="0.198" classname="Tests.RunningSoftware"/>
  <system-out/>
  <testcase name="tc01_OpenLogin" time="5.973" classname="Tests.RunningSoftware"/>
  <system-out/>
</testsuite> <!-- Tests.RunningSoftware -->
