<?xml version="1.0" encoding="UTF-8"?>
<!-- Generated by org.testng.reporters.JUnitReportReporter -->
<testsuite skipped="0" hostname="LAPTOP-J0MOH79M" name="Tests.ShoppingOrderForm" tests="6" failures="0" timestamp="2020-10-21T13:47:22 IDT" time="70.254" errors="0">
  <testcase name="tc01_openLogin" time="5.675" classname="Tests.ShoppingOrderForm"/>
  <system-out/>
  <testcase name="tc03_openingPaymentFormPage" time="8.269" classname="Tests.ShoppingOrderForm"/>
  <system-out/>
  <testcase name="tc06_backToTemplate" time="0.158" classname="Tests.ShoppingOrderForm"/>
  <system-out/>
  <testcase name="tc05_fillOrderFormTest" time="46.479" classname="Tests.ShoppingOrderForm"/>
  <system-out/>
  <testcase name="tc02_startToProject" time="0.529" classname="Tests.ShoppingOrderForm"/>
  <system-out/>
  <testcase name="tc04_chooseTypeProject" time="9.144" classname="Tests.ShoppingOrderForm"/>
  <system-out/>
</testsuite> <!-- Tests.ShoppingOrderForm -->
